Using pre-set license
Built from '2020.3/staging' branch; Version is '2020.3.14f1 (d0d1bb862f9d) revision 13685179'; Using compiler version '192528614'; Build Type 'Release'
OS: 'Windows 10 Pro; OS build 19043.1237; Version 2009; 64bit' Language: 'es' Physical Memory: 8129 MB
BatchMode: 1, IsHumanControllingUs: 0, StartBugReporterOnCrash: 0, Is64bit: 1, IsPro: 0

 COMMAND LINE ARGUMENTS:
C:\Program Files\Unity\Hub\Editor\2020.3.14f1\Editor\Unity.exe
-adb2
-batchMode
-noUpm
-name
AssetImportWorker0
-projectPath
G:/Proyecto_2
-logFile
Logs/AssetImportWorker0.log
-srvPort
50480
Successfully changed project path to: G:/Proyecto_2
G:/Proyecto_2
Using Asset Import Pipeline V2.
Refreshing native plugins compatible for Editor in 45.76 ms, found 3 plugins.
Preloading 0 native plugins for Editor in 0.00 ms.
Initialize engine version: 2020.3.14f1 (d0d1bb862f9d)
[Subsystems] Discovering subsystems at path C:/Program Files/Unity/Hub/Editor/2020.3.14f1/Editor/Data/Resources/UnitySubsystems
[Subsystems] Discovering subsystems at path G:/Proyecto_2/Assets
GfxDevice: creating device client; threaded=0
Direct3D:
    Version:  Direct3D 11.0 [level 11.1]
    Renderer: NVIDIA GeForce GTX 1050 (ID=0x1c81)
    Vendor:   
    VRAM:     1977 MB
    Driver:   30.0.14.7141
Initialize mono
Mono path[0] = 'C:/Program Files/Unity/Hub/Editor/2020.3.14f1/Editor/Data/Managed'
Mono path[1] = 'C:/Program Files/Unity/Hub/Editor/2020.3.14f1/Editor/Data/MonoBleedingEdge/lib/mono/unityjit'
Mono config path = 'C:/Program Files/Unity/Hub/Editor/2020.3.14f1/Editor/Data/MonoBleedingEdge/etc'
Using monoOptions --debugger-agent=transport=dt_socket,embedding=1,server=y,suspend=n,address=127.0.0.1:56496
Begin MonoManager ReloadAssembly
Registering precompiled unity dll's ...
Register platform support module: C:/Program Files/Unity/Hub/Editor/2020.3.14f1/Editor/Data/PlaybackEngines/WindowsStandaloneSupport/UnityEditor.WindowsStandalone.Extensions.dll
Registered in 0.002230 seconds.
Native extension for WindowsStandalone target not found
Refreshing native plugins compatible for Editor in 45.95 ms, found 3 plugins.
Preloading 0 native plugins for Editor in 0.00 ms.
Mono: successfully reloaded assembly
- Completed reload, in  1.263 seconds
Domain Reload Profiling:
	ReloadAssembly (1263ms)
		BeginReloadAssembly (66ms)
			ExecutionOrderSort (0ms)
			DisableScriptedObjects (0ms)
			BackupInstance (0ms)
			ReleaseScriptingObjects (0ms)
			CreateAndSetChildDomain (1ms)
		EndReloadAssembly (481ms)
			LoadAssemblies (63ms)
			RebuildTransferFunctionScriptingTraits (0ms)
			SetupTypeCache (179ms)
			ReleaseScriptCaches (0ms)
			RebuildScriptCaches (35ms)
			SetupLoadedEditorAssemblies (194ms)
				LogAssemblyErrors (0ms)
				InitializePlatformSupportModulesInManaged (4ms)
				SetLoadedEditorAssemblies (0ms)
				RefreshPlugins (46ms)
				BeforeProcessingInitializeOnLoad (13ms)
				ProcessInitializeOnLoadAttributes (98ms)
				ProcessInitializeOnLoadMethodAttributes (32ms)
				AfterProcessingInitializeOnLoad (0ms)
				EditorAssembliesLoaded (0ms)
			ExecutionOrderSort2 (0ms)
			AwakeInstancesAfterBackupRestoration (0ms)
Platform modules already initialized, skipping
Registering precompiled user dll's ...
Registered in 0.003557 seconds.
Begin MonoManager ReloadAssembly
Native extension for WindowsStandalone target not found
Refreshing native plugins compatible for Editor in 44.12 ms, found 3 plugins.
Preloading 0 native plugins for Editor in 0.00 ms.
Mono: successfully reloaded assembly
- Completed reload, in  1.312 seconds
Domain Reload Profiling:
	ReloadAssembly (1313ms)
		BeginReloadAssembly (169ms)
			ExecutionOrderSort (0ms)
			DisableScriptedObjects (5ms)
			BackupInstance (0ms)
			ReleaseScriptingObjects (0ms)
			CreateAndSetChildDomain (21ms)
		EndReloadAssembly (1070ms)
			LoadAssemblies (105ms)
			RebuildTransferFunctionScriptingTraits (0ms)
			SetupTypeCache (350ms)
			ReleaseScriptCaches (0ms)
			RebuildScriptCaches (61ms)
			SetupLoadedEditorAssemblies (417ms)
				LogAssemblyErrors (0ms)
				InitializePlatformSupportModulesInManaged (5ms)
				SetLoadedEditorAssemblies (0ms)
				RefreshPlugins (44ms)
				BeforeProcessingInitializeOnLoad (105ms)
				ProcessInitializeOnLoadAttributes (239ms)
				ProcessInitializeOnLoadMethodAttributes (16ms)
				AfterProcessingInitializeOnLoad (8ms)
				EditorAssembliesLoaded (0ms)
			ExecutionOrderSort2 (0ms)
			AwakeInstancesAfterBackupRestoration (8ms)
Platform modules already initialized, skipping
========================================================================
Worker process is ready to serve import requests
Launched and connected shader compiler UnityShaderCompiler.exe after 0.05 seconds
Refreshing native plugins compatible for Editor in 0.47 ms, found 3 plugins.
Preloading 0 native plugins for Editor in 0.00 ms.
Unloading 2084 Unused Serialized files (Serialized files now loaded: 0)
System memory in use before: 93.0 MB.
System memory in use after: 92.9 MB.

Unloading 33 unused Assets to reduce memory usage. Loaded Objects now: 2517.
Total: 2.485900 ms (FindLiveObjects: 0.210400 ms CreateObjectMapping: 0.097000 ms MarkObjects: 2.005600 ms  DeleteObjects: 0.171200 ms)

AssetImportParameters requested are different than current active one (requested -> active):
  custom:framework-win-MediaFoundation: 216162199b28c13a410421893ffa2e32 -> 
  custom:video-decoder-ogg-theora: a1e56fd34408186e4bbccfd4996cb3dc -> 
  custom:container-muxer-webm: aa71ff27fc2769a1b78a27578f13a17b -> 
  custom:container-demuxer-webm: 4f35f7cbe854078d1ac9338744f61a02 -> 
  custom:container-demuxer-ogg: 62fdf1f143b41e24485cea50d1cbac27 -> 
  custom:video-encoder-webm-vp8: eb34c28f22e8b96e1ab97ce403110664 -> 
  custom:video-codec-MediaFoundation-h265: 746d11721c4dcdbdad8f713fa42b33f4 -> 
  custom:video-decoder-webm-vp8: 9c59270c3fd7afecdb556c50c9e8de78 -> 
  custom:audio-decoder-ogg-vorbis: bf7c407c2cedff20999df2af8eb42d56 -> 
  custom:audio-encoder-webm-vorbis: bf7c407c2cedff20999df2af8eb42d56 -> 
========================================================================
Received Import Request.
  path: Assets
  artifactKey: Guid(00000000000000001000000000000000) Importer(815301076,1909f56bfc062723c751e8b465ee728b)
Start importing Assets using Guid(00000000000000001000000000000000) Importer(815301076,1909f56bfc062723c751e8b465ee728b)  -> (artifact id: '42d402b061de3733987d63b9cc3b64de') in 0.009041 seconds 
  Import took 0.013055 seconds .

========================================================================
Received Import Request.
  Time since last request: 5.632176 seconds.
  path: Assets/sounds
  artifactKey: Guid(b26bd674b0682f3439efaee87c40e745) Importer(815301076,1909f56bfc062723c751e8b465ee728b)
Start importing Assets/sounds using Guid(b26bd674b0682f3439efaee87c40e745) Importer(815301076,1909f56bfc062723c751e8b465ee728b)  -> (artifact id: 'ec6f0598e12cdfc29fe91f27c2e52756') in 0.007638 seconds 
  Import took 0.011829 seconds .

========================================================================
Received Import Request.
  Time since last request: 0.004955 seconds.
  path: Assets/sounds
  artifactKey: Guid(b26bd674b0682f3439efaee87c40e745) Importer(815301076,1909f56bfc062723c751e8b465ee728b)
Start importing Assets/sounds using Guid(b26bd674b0682f3439efaee87c40e745) Importer(815301076,1909f56bfc062723c751e8b465ee728b)  -> (artifact id: 'ec6f0598e12cdfc29fe91f27c2e52756') in 0.002541 seconds 
  Import took 0.007359 seconds .

========================================================================
Received Import Request.
  Time since last request: 63.770822 seconds.
  path: Assets/Sprites
  artifactKey: Guid(ff650a4b11e7e444987df6afb29ec832) Importer(815301076,1909f56bfc062723c751e8b465ee728b)
Start importing Assets/Sprites using Guid(ff650a4b11e7e444987df6afb29ec832) Importer(815301076,1909f56bfc062723c751e8b465ee728b)  -> (artifact id: 'd0cbfe4049bebee3b1f560e9f33d4a85') in 0.008961 seconds 
  Import took 0.013281 seconds .

========================================================================
Received Import Request.
  Time since last request: 0.036385 seconds.
  path: Assets/Sprites/Banderas.png
  artifactKey: Guid(0ea786ec444353148b68031927c4980c) Importer(815301076,1909f56bfc062723c751e8b465ee728b)
Start importing Assets/Sprites/Banderas.png using Guid(0ea786ec444353148b68031927c4980c) Importer(815301076,1909f56bfc062723c751e8b465ee728b)  -> (artifact id: '668167d863f367a8d7c30a26821c2972') in 0.162916 seconds 
  Import took 0.167727 seconds .

========================================================================
Received Import Request.
  Time since last request: 0.000187 seconds.
  path: Assets/Sprites/Coins2.png
  artifactKey: Guid(5c8ef67dc22625a488dbdf72e853ac1d) Importer(815301076,1909f56bfc062723c751e8b465ee728b)
Start importing Assets/Sprites/Coins2.png using Guid(5c8ef67dc22625a488dbdf72e853ac1d) Importer(815301076,1909f56bfc062723c751e8b465ee728b)  -> (artifact id: '8f6b5a0d591374e5010930cb10966560') in 0.022301 seconds 
  Import took 0.027152 seconds .

========================================================================
Received Import Request.
  Time since last request: 0.000190 seconds.
  path: Assets/Sprites/Mario.png
  artifactKey: Guid(df1e7e2461cdea54db37a399c7f7c831) Importer(815301076,1909f56bfc062723c751e8b465ee728b)
Start importing Assets/Sprites/Mario.png using Guid(df1e7e2461cdea54db37a399c7f7c831) Importer(815301076,1909f56bfc062723c751e8b465ee728b)  -> (artifact id: 'cd5abc975d8e28cf7680401c1e0ffef1') in 0.020792 seconds 
  Import took 0.024408 seconds .

========================================================================
Received Import Request.
  Time since last request: 0.000198 seconds.
  path: Assets/Sprites/Goombas.png
  artifactKey: Guid(049324d70a58e5649882f0d9b8b77363) Importer(815301076,1909f56bfc062723c751e8b465ee728b)
Start importing Assets/Sprites/Goombas.png using Guid(049324d70a58e5649882f0d9b8b77363) Importer(815301076,1909f56bfc062723c751e8b465ee728b)  -> (artifact id: '2523ee31ed38f7e5cdb8a55b9aa1f9bf') in 0.023483 seconds 
  Import took 0.028044 seconds .

========================================================================
Received Import Request.
  Time since last request: 0.000214 seconds.
  path: Assets/Sprites/Montanas.png
  artifactKey: Guid(2c3639bc3977f7d45aa3c3a14ed34b24) Importer(815301076,1909f56bfc062723c751e8b465ee728b)
Start importing Assets/Sprites/Montanas.png using Guid(2c3639bc3977f7d45aa3c3a14ed34b24) Importer(815301076,1909f56bfc062723c751e8b465ee728b)  -> (artifact id: '45449baaebd15577d28ba4b4bc49d2ee') in 0.020644 seconds 
  Import took 0.024345 seconds .

========================================================================
Received Import Request.
  Time since last request: 0.000186 seconds.
  path: Assets/Sprites/Coins1.png
  artifactKey: Guid(a13fd4f8e8bc20a44bc5a8e0f6b5fbf6) Importer(815301076,1909f56bfc062723c751e8b465ee728b)
Start importing Assets/Sprites/Coins1.png using Guid(a13fd4f8e8bc20a44bc5a8e0f6b5fbf6) Importer(815301076,1909f56bfc062723c751e8b465ee728b)  -> (artifact id: '391b5b357b7b0bc94f1a42919c9fd49d') in 0.019212 seconds 
  Import took 0.023395 seconds .

========================================================================
Received Import Request.
  Time since last request: 0.000206 seconds.
  path: Assets/Sprites/Nuves.png
  artifactKey: Guid(667a0c9cbc47dc849b52e508b609cb41) Importer(815301076,1909f56bfc062723c751e8b465ee728b)
Start importing Assets/Sprites/Nuves.png using Guid(667a0c9cbc47dc849b52e508b609cb41) Importer(815301076,1909f56bfc062723c751e8b465ee728b)  -> (artifact id: '6f548402ee37aca46f0232584a3a534a') in 0.019136 seconds 
  Import took 0.022797 seconds .

========================================================================
Received Import Request.
  Time since last request: 0.000193 seconds.
  path: Assets/Sprites/Castillo.png
  artifactKey: Guid(f112418ccecb75b4aa697264d9822992) Importer(815301076,1909f56bfc062723c751e8b465ee728b)
Start importing Assets/Sprites/Castillo.png using Guid(f112418ccecb75b4aa697264d9822992) Importer(815301076,1909f56bfc062723c751e8b465ee728b)  -> (artifact id: '262d00735352035482f0609c810abc06') in 0.020697 seconds 
  Import took 0.024445 seconds .

========================================================================
Received Import Request.
  Time since last request: 0.000206 seconds.
  path: Assets/Sprites/Ladrillos.png
  artifactKey: Guid(e8579901634fc1849aa898c3582258ac) Importer(815301076,1909f56bfc062723c751e8b465ee728b)
Start importing Assets/Sprites/Ladrillos.png using Guid(e8579901634fc1849aa898c3582258ac) Importer(815301076,1909f56bfc062723c751e8b465ee728b)  -> (artifact id: 'd1ede076c6b5a2fc32604be9f266eabd') in 0.024244 seconds 
  Import took 0.028344 seconds .

========================================================================
Received Import Request.
  Time since last request: 0.000190 seconds.
  path: Assets/Sprites/Super_Mario_Bros._Logo.png
  artifactKey: Guid(d0755c5a7b84d9a45b5be77a721eed92) Importer(815301076,1909f56bfc062723c751e8b465ee728b)
Start importing Assets/Sprites/Super_Mario_Bros._Logo.png using Guid(d0755c5a7b84d9a45b5be77a721eed92) Importer(815301076,1909f56bfc062723c751e8b465ee728b)  -> (artifact id: 'c54e6e1b574f3bd6a466e269c04f32c6') in 0.029045 seconds 
  Import took 0.033384 seconds .

========================================================================
Received Import Request.
  Time since last request: 0.000195 seconds.
  path: Assets/Sprites/Hierbas.png
  artifactKey: Guid(46b1f30526945914e9ef74b851f9758d) Importer(815301076,1909f56bfc062723c751e8b465ee728b)
Start importing Assets/Sprites/Hierbas.png using Guid(46b1f30526945914e9ef74b851f9758d) Importer(815301076,1909f56bfc062723c751e8b465ee728b)  -> (artifact id: '55dc2bc087cb3f78391b73ed44072f02') in 0.019090 seconds 
  Import took 0.023425 seconds .

========================================================================
Received Import Request.
  Time since last request: 0.000233 seconds.
  path: Assets/Sprites/Cajas.png
  artifactKey: Guid(347aa71e2d088da47a2557338aa03bb2) Importer(815301076,1909f56bfc062723c751e8b465ee728b)
Start importing Assets/Sprites/Cajas.png using Guid(347aa71e2d088da47a2557338aa03bb2) Importer(815301076,1909f56bfc062723c751e8b465ee728b)  -> (artifact id: 'a016b3c17eff9b05ac29954bf2a2e536') in 0.024617 seconds 
  Import took 0.028787 seconds .

========================================================================
Received Import Request.
  Time since last request: 0.000194 seconds.
  path: Assets/Sprites/Tuberias.png
  artifactKey: Guid(c1092524250559346905bfaad6952fb9) Importer(815301076,1909f56bfc062723c751e8b465ee728b)
Start importing Assets/Sprites/Tuberias.png using Guid(c1092524250559346905bfaad6952fb9) Importer(815301076,1909f56bfc062723c751e8b465ee728b)  -> (artifact id: '7bcdc3fcb75abd8ecb7a3b4cd0eb3b4f') in 0.015834 seconds 
  Import took 0.020356 seconds .

========================================================================
Received Import Request.
  Time since last request: 7.564889 seconds.
  path: Assets/Super Mario Bros 1 and 2(JP)
  artifactKey: Guid(cfb1b17b0c37c1e4c81f4b6b0c51cd72) Importer(815301076,1909f56bfc062723c751e8b465ee728b)
Start importing Assets/Super Mario Bros 1 and 2(JP) using Guid(cfb1b17b0c37c1e4c81f4b6b0c51cd72) Importer(815301076,1909f56bfc062723c751e8b465ee728b)  -> (artifact id: '4edad25f701748980701e9c7cad605f9') in 0.008637 seconds 
  Import took 0.013043 seconds .

========================================================================
Received Import Request.
  Time since last request: 1.041834 seconds.
  path: Assets/Super Mario Bros 1 and 2(JP)/1up.wav
  artifactKey: Guid(8c087780dee717e47a455728e1f5fddd) Importer(815301076,1909f56bfc062723c751e8b465ee728b)
Start importing Assets/Super Mario Bros 1 and 2(JP)/1up.wav using Guid(8c087780dee717e47a455728e1f5fddd) Importer(815301076,1909f56bfc062723c751e8b465ee728b)  -> (artifact id: 'eaf7d0be54bff58cf69c854d633d42ac') in 0.077705 seconds 
  Import took 0.081819 seconds .

========================================================================
Received Import Request.
  Time since last request: 0.000277 seconds.
  path: Assets/Super Mario Bros 1 and 2(JP)/Big Jump.wav
  artifactKey: Guid(f47a56dabfee9cb4e85038df51d7ba9d) Importer(815301076,1909f56bfc062723c751e8b465ee728b)
Start importing Assets/Super Mario Bros 1 and 2(JP)/Big Jump.wav using Guid(f47a56dabfee9cb4e85038df51d7ba9d) Importer(815301076,1909f56bfc062723c751e8b465ee728b)  -> (artifact id: 'd66c0cfc54ffa8a5b1a7d501d572f8ef') in 0.014938 seconds 
  Import took 0.019392 seconds .

========================================================================
Received Import Request.
  Time since last request: 0.000231 seconds.
  path: Assets/Super Mario Bros 1 and 2(JP)/Item.wav
  artifactKey: Guid(db168281e7f9f67449de534183893633) Importer(815301076,1909f56bfc062723c751e8b465ee728b)
Start importing Assets/Super Mario Bros 1 and 2(JP)/Item.wav using Guid(db168281e7f9f67449de534183893633) Importer(815301076,1909f56bfc062723c751e8b465ee728b)  -> (artifact id: '1102200c96eef195d0e03fcaac607172') in 0.017220 seconds 
  Import took 0.022634 seconds .

========================================================================
Received Import Request.
  Time since last request: 0.000188 seconds.
  path: Assets/Super Mario Bros 1 and 2(JP)/Bump.wav
  artifactKey: Guid(53fbbd6395219214da37538cf18aeba0) Importer(815301076,1909f56bfc062723c751e8b465ee728b)
Start importing Assets/Super Mario Bros 1 and 2(JP)/Bump.wav using Guid(53fbbd6395219214da37538cf18aeba0) Importer(815301076,1909f56bfc062723c751e8b465ee728b)  -> (artifact id: 'cf219c390ea97474e2e03f0d634a3a3b') in 0.019398 seconds 
  Import took 0.024752 seconds .

========================================================================
Received Import Request.
  Time since last request: 0.000234 seconds.
  path: Assets/Super Mario Bros 1 and 2(JP)/Pause.wav
  artifactKey: Guid(d968c24ee7c4b0245822a378dd561550) Importer(815301076,1909f56bfc062723c751e8b465ee728b)
Start importing Assets/Super Mario Bros 1 and 2(JP)/Pause.wav using Guid(d968c24ee7c4b0245822a378dd561550) Importer(815301076,1909f56bfc062723c751e8b465ee728b)  -> (artifact id: '7b2d6bac103639794b6a5a7dd039c8c2') in 0.020639 seconds 
  Import took 0.025973 seconds .

========================================================================
Received Import Request.
  Time since last request: 0.000242 seconds.
  path: Assets/Super Mario Bros 1 and 2(JP)/Vine.wav
  artifactKey: Guid(c517dc0c8c099534dae1ac660dadc103) Importer(815301076,1909f56bfc062723c751e8b465ee728b)
Start importing Assets/Super Mario Bros 1 and 2(JP)/Vine.wav using Guid(c517dc0c8c099534dae1ac660dadc103) Importer(815301076,1909f56bfc062723c751e8b465ee728b)  -> (artifact id: '34faa353cd31db8181edd8ec4c66c339') in 0.011407 seconds 
  Import took 0.017289 seconds .

========================================================================
Received Import Request.
  Time since last request: 0.000188 seconds.
  path: Assets/Super Mario Bros 1 and 2(JP)/Powerup.wav
  artifactKey: Guid(aee8f7de700001f4d8fe0820d09197dc) Importer(815301076,1909f56bfc062723c751e8b465ee728b)
Start importing Assets/Super Mario Bros 1 and 2(JP)/Powerup.wav using Guid(aee8f7de700001f4d8fe0820d09197dc) Importer(815301076,1909f56bfc062723c751e8b465ee728b)  -> (artifact id: '24c05975e8dad2e925ae52f9a93c77df') in 0.012163 seconds 
  Import took 0.016684 seconds .

========================================================================
Received Import Request.
  Time since last request: 0.000117 seconds.
  path: Assets/Super Mario Bros 1 and 2(JP)/Beep.wav
  artifactKey: Guid(b7a3f8e36a81cdf4d95a86c8d8de867e) Importer(815301076,1909f56bfc062723c751e8b465ee728b)
Start importing Assets/Super Mario Bros 1 and 2(JP)/Beep.wav using Guid(b7a3f8e36a81cdf4d95a86c8d8de867e) Importer(815301076,1909f56bfc062723c751e8b465ee728b)  -> (artifact id: '2b21391cbce9821d737d448bc9a76707') in 0.013736 seconds 
  Import took 0.017850 seconds .

========================================================================
Received Import Request.
  Time since last request: 0.000209 seconds.
  path: Assets/Super Mario Bros 1 and 2(JP)/Bowser Die.wav
  artifactKey: Guid(6a9908580d50b6f4eaac17b0067d3358) Importer(815301076,1909f56bfc062723c751e8b465ee728b)
Start importing Assets/Super Mario Bros 1 and 2(JP)/Bowser Die.wav using Guid(6a9908580d50b6f4eaac17b0067d3358) Importer(815301076,1909f56bfc062723c751e8b465ee728b)  -> (artifact id: '4d268d9e7c431892122b9262b35fb63c') in 0.012373 seconds 
  Import took 0.016457 seconds .

========================================================================
Received Import Request.
  Time since last request: 0.000211 seconds.
  path: Assets/Super Mario Bros 1 and 2(JP)/Skid.wav
  artifactKey: Guid(234e99cf472f699468868bc67b783e69) Importer(815301076,1909f56bfc062723c751e8b465ee728b)
Start importing Assets/Super Mario Bros 1 and 2(JP)/Skid.wav using Guid(234e99cf472f699468868bc67b783e69) Importer(815301076,1909f56bfc062723c751e8b465ee728b)  -> (artifact id: '8928c569a46e86c067b4f41435d51506') in 0.012874 seconds 
  Import took 0.017213 seconds .

========================================================================
Received Import Request.
  Time since last request: 0.000197 seconds.
  path: Assets/Super Mario Bros 1 and 2(JP)/Fire Ball.wav
  artifactKey: Guid(27956f8d25df847418f7bbb0198435d4) Importer(815301076,1909f56bfc062723c751e8b465ee728b)
Start importing Assets/Super Mario Bros 1 and 2(JP)/Fire Ball.wav using Guid(27956f8d25df847418f7bbb0198435d4) Importer(815301076,1909f56bfc062723c751e8b465ee728b)  -> (artifact id: 'a7259a8ad23fa1139d3f445afb36da7a') in 0.013678 seconds 
  Import took 0.018038 seconds .

========================================================================
Received Import Request.
  Time since last request: 0.000191 seconds.
  path: Assets/Super Mario Bros 1 and 2(JP)/Game Over.wav
  artifactKey: Guid(9730e1d38411b3e40abe94271bc44bb6) Importer(815301076,1909f56bfc062723c751e8b465ee728b)
Start importing Assets/Super Mario Bros 1 and 2(JP)/Game Over.wav using Guid(9730e1d38411b3e40abe94271bc44bb6) Importer(815301076,1909f56bfc062723c751e8b465ee728b)  -> (artifact id: 'e54826eb9f85bb210a5562c7d0ec0974') in 0.013684 seconds 
  Import took 0.017961 seconds .

========================================================================
Received Import Request.
  Time since last request: 0.000209 seconds.
  path: Assets/Super Mario Bros 1 and 2(JP)/Jump.wav
  artifactKey: Guid(703948e3b2c06d04c82b93e14dcb35ca) Importer(815301076,1909f56bfc062723c751e8b465ee728b)
Start importing Assets/Super Mario Bros 1 and 2(JP)/Jump.wav using Guid(703948e3b2c06d04c82b93e14dcb35ca) Importer(815301076,1909f56bfc062723c751e8b465ee728b)  -> (artifact id: '53c9cc5fd489a5c330744f6a1ff8e9a9') in 0.013279 seconds 
  Import took 0.018554 seconds .

========================================================================
Received Import Request.
  Time since last request: 0.000199 seconds.
  path: Assets/Super Mario Bros 1 and 2(JP)/Squish.wav
  artifactKey: Guid(b0b8bc0d92fb06c498a21653c50263a8) Importer(815301076,1909f56bfc062723c751e8b465ee728b)
Start importing Assets/Super Mario Bros 1 and 2(JP)/Squish.wav using Guid(b0b8bc0d92fb06c498a21653c50263a8) Importer(815301076,1909f56bfc062723c751e8b465ee728b)  -> (artifact id: 'dcc04f6c221273ca254394c254ea657f') in 0.012521 seconds 
  Import took 0.017335 seconds .

========================================================================
Received Import Request.
  Time since last request: 0.000212 seconds.
  path: Assets/Super Mario Bros 1 and 2(JP)/Kick.wav
  artifactKey: Guid(36270c91305ab324b98e3895557ca0fd) Importer(815301076,1909f56bfc062723c751e8b465ee728b)
Start importing Assets/Super Mario Bros 1 and 2(JP)/Kick.wav using Guid(36270c91305ab324b98e3895557ca0fd) Importer(815301076,1909f56bfc062723c751e8b465ee728b)  -> (artifact id: 'af1df6eae2d6163757c7049946442f78') in 0.012470 seconds 
  Import took 0.016979 seconds .

========================================================================
Received Import Request.
  Time since last request: 0.000202 seconds.
  path: Assets/Super Mario Bros 1 and 2(JP)/Enemy Fire.wav
  artifactKey: Guid(4ffa79202d68be14db7e6069a741e1f7) Importer(815301076,1909f56bfc062723c751e8b465ee728b)
Start importing Assets/Super Mario Bros 1 and 2(JP)/Enemy Fire.wav using Guid(4ffa79202d68be14db7e6069a741e1f7) Importer(815301076,1909f56bfc062723c751e8b465ee728b)  -> (artifact id: '5fb0e011de5f670cb6fbdebb3f66e13f') in 0.011362 seconds 
  Import took 0.016233 seconds .

========================================================================
Received Import Request.
  Time since last request: 0.000207 seconds.
  path: Assets/Super Mario Bros 1 and 2(JP)/Coin.wav
  artifactKey: Guid(d0f97fbdec7dc614f88bf5878b23e449) Importer(815301076,1909f56bfc062723c751e8b465ee728b)
Start importing Assets/Super Mario Bros 1 and 2(JP)/Coin.wav using Guid(d0f97fbdec7dc614f88bf5878b23e449) Importer(815301076,1909f56bfc062723c751e8b465ee728b)  -> (artifact id: 'c20670cac0064733892383a11e7c8a32') in 0.012661 seconds 
  Import took 0.016619 seconds .

========================================================================
Received Import Request.
  Time since last request: 0.000216 seconds.
  path: Assets/Super Mario Bros 1 and 2(JP)/Warp.wav
  artifactKey: Guid(d18650b636a20b34e9f53cd642eba00f) Importer(815301076,1909f56bfc062723c751e8b465ee728b)
Start importing Assets/Super Mario Bros 1 and 2(JP)/Warp.wav using Guid(d18650b636a20b34e9f53cd642eba00f) Importer(815301076,1909f56bfc062723c751e8b465ee728b)  -> (artifact id: '07f06bcb9a646fa9b33f112b3402878e') in 0.012858 seconds 
  Import took 0.017408 seconds .

========================================================================
Received Import Request.
  Time since last request: 0.000208 seconds.
  path: Assets/Super Mario Bros 1 and 2(JP)/Thwomp.wav
  artifactKey: Guid(559dd0c181fcefa499414349b819b81b) Importer(815301076,1909f56bfc062723c751e8b465ee728b)
Start importing Assets/Super Mario Bros 1 and 2(JP)/Thwomp.wav using Guid(559dd0c181fcefa499414349b819b81b) Importer(815301076,1909f56bfc062723c751e8b465ee728b)  -> (artifact id: 'bb2d84bd80e73a69a5afebdf02682cd3') in 0.011933 seconds 
  Import took 0.016677 seconds .

========================================================================
Received Import Request.
  Time since last request: 0.000202 seconds.
  path: Assets/Super Mario Bros 1 and 2(JP)/Break.wav
  artifactKey: Guid(a10365eb797fc1449a19d35d809cf3f8) Importer(815301076,1909f56bfc062723c751e8b465ee728b)
Start importing Assets/Super Mario Bros 1 and 2(JP)/Break.wav using Guid(a10365eb797fc1449a19d35d809cf3f8) Importer(815301076,1909f56bfc062723c751e8b465ee728b)  -> (artifact id: '4ffe65870afa0a4369dd37d4757a0fe6') in 0.011352 seconds 
  Import took 0.016445 seconds .

========================================================================
Received Import Request.
  Time since last request: 0.000316 seconds.
  path: Assets/Super Mario Bros 1 and 2(JP)/Flagpole.wav
  artifactKey: Guid(631aef307ec29f042aee87c714707d93) Importer(815301076,1909f56bfc062723c751e8b465ee728b)
Start importing Assets/Super Mario Bros 1 and 2(JP)/Flagpole.wav using Guid(631aef307ec29f042aee87c714707d93) Importer(815301076,1909f56bfc062723c751e8b465ee728b)  -> (artifact id: 'd57bbe10d3517c993b33910e25634adb') in 0.012029 seconds 
  Import took 0.016812 seconds .

========================================================================
Received Import Request.
  Time since last request: 0.000199 seconds.
  path: Assets/Super Mario Bros 1 and 2(JP)/Die.wav
  artifactKey: Guid(f4ecae819efb0cc49b2bb55a18acd0c8) Importer(815301076,1909f56bfc062723c751e8b465ee728b)
Start importing Assets/Super Mario Bros 1 and 2(JP)/Die.wav using Guid(f4ecae819efb0cc49b2bb55a18acd0c8) Importer(815301076,1909f56bfc062723c751e8b465ee728b)  -> (artifact id: 'cb5fc1c29e9af35e8922f9a93280a4f6') in 0.011139 seconds 
  Import took 0.016341 seconds .

========================================================================
Received Import Request.
  Time since last request: 424.882414 seconds.
  path: Assets/Sprites/Ladrillos.png
  artifactKey: Guid(e8579901634fc1849aa898c3582258ac) Importer(815301076,1909f56bfc062723c751e8b465ee728b)
Start importing Assets/Sprites/Ladrillos.png using Guid(e8579901634fc1849aa898c3582258ac) Importer(815301076,1909f56bfc062723c751e8b465ee728b)  -> (artifact id: '24fcdd56d82ec4e20e0a6989278fc022') in 0.011745 seconds 
  Import took 0.018128 seconds .

========================================================================
Received Import Request.
  Time since last request: 505.540772 seconds.
  path: Assets/Sprites/Ladrillos.png
  artifactKey: Guid(e8579901634fc1849aa898c3582258ac) Importer(815301076,1909f56bfc062723c751e8b465ee728b)
Start importing Assets/Sprites/Ladrillos.png using Guid(e8579901634fc1849aa898c3582258ac) Importer(815301076,1909f56bfc062723c751e8b465ee728b)  -> (artifact id: '304dbb780c63686d92b07f8469a4d67b') in 0.029165 seconds 
  Import took 0.035133 seconds .

========================================================================
Received Import Request.
  Time since last request: 146.182880 seconds.
  path: Assets/Sprites/Ladrillos.png
  artifactKey: Guid(e8579901634fc1849aa898c3582258ac) Importer(815301076,1909f56bfc062723c751e8b465ee728b)
Start importing Assets/Sprites/Ladrillos.png using Guid(e8579901634fc1849aa898c3582258ac) Importer(815301076,1909f56bfc062723c751e8b465ee728b)  -> (artifact id: '34b8f166f26f8df831094e35940d13fb') in 0.017615 seconds 
  Import took 0.022128 seconds .

========================================================================
Received Import Request.
  Time since last request: 379.972291 seconds.
  path: Assets/Sprites/Ladrillos.png
  artifactKey: Guid(e8579901634fc1849aa898c3582258ac) Importer(815301076,1909f56bfc062723c751e8b465ee728b)
Start importing Assets/Sprites/Ladrillos.png using Guid(e8579901634fc1849aa898c3582258ac) Importer(815301076,1909f56bfc062723c751e8b465ee728b)  -> (artifact id: '909a6c0a3a0dd2ece9055d839521ba7a') in 0.020401 seconds 
  Import took 0.025589 seconds .

========================================================================
Received Import Request.
  Time since last request: 2425.829170 seconds.
  path: Assets/Sprites/Goombas.png
  artifactKey: Guid(049324d70a58e5649882f0d9b8b77363) Importer(815301076,1909f56bfc062723c751e8b465ee728b)
Start importing Assets/Sprites/Goombas.png using Guid(049324d70a58e5649882f0d9b8b77363) Importer(815301076,1909f56bfc062723c751e8b465ee728b)  -> (artifact id: 'd158ba8a7d64a59b4d829cb020ccd8f4') in 0.012920 seconds 
  Import took 0.019348 seconds .

========================================================================
Received Import Request.
  Time since last request: 24.175989 seconds.
  path: Assets/Sprites/Goombas.png
  artifactKey: Guid(049324d70a58e5649882f0d9b8b77363) Importer(815301076,1909f56bfc062723c751e8b465ee728b)
Start importing Assets/Sprites/Goombas.png using Guid(049324d70a58e5649882f0d9b8b77363) Importer(815301076,1909f56bfc062723c751e8b465ee728b)  -> (artifact id: 'c102c668d8a4c014312064764530ed54') in 0.016082 seconds 
  Import took 0.021005 seconds .

========================================================================
Received Import Request.
  Time since last request: 251.385159 seconds.
  path: Assets/Sprites/Tuberias.png
  artifactKey: Guid(c1092524250559346905bfaad6952fb9) Importer(815301076,1909f56bfc062723c751e8b465ee728b)
Start importing Assets/Sprites/Tuberias.png using Guid(c1092524250559346905bfaad6952fb9) Importer(815301076,1909f56bfc062723c751e8b465ee728b)  -> (artifact id: '8dbda75be34b841216e5c57b69ed3f76') in 0.013033 seconds 
  Import took 0.018566 seconds .

========================================================================
Received Import Request.
  Time since last request: 40.797662 seconds.
  path: Assets/Sprites/Tuberias.png
  artifactKey: Guid(c1092524250559346905bfaad6952fb9) Importer(815301076,1909f56bfc062723c751e8b465ee728b)
Start importing Assets/Sprites/Tuberias.png using Guid(c1092524250559346905bfaad6952fb9) Importer(815301076,1909f56bfc062723c751e8b465ee728b)  -> (artifact id: '31a885b8b52045e14a2736acd9638f23') in 0.029761 seconds 
  Import took 0.034689 seconds .

========================================================================
Received Import Request.
  Time since last request: 233.637719 seconds.
  path: Assets/Sprites/Tuberias.png
  artifactKey: Guid(c1092524250559346905bfaad6952fb9) Importer(815301076,1909f56bfc062723c751e8b465ee728b)
Start importing Assets/Sprites/Tuberias.png using Guid(c1092524250559346905bfaad6952fb9) Importer(815301076,1909f56bfc062723c751e8b465ee728b)  -> (artifact id: 'ab379748fdd552ee95291b052c13fbfb') in 0.035541 seconds 
  Import took 0.041027 seconds .

AssetImportWorkerClient::OnTransportError - code=2 error=End of file
